<?xml version="1.0" encoding="UTF-8"?>
<testng-results ignored="0" total="4" passed="4" failed="0" skipped="0">
  <reporter-output>
  </reporter-output>
  <suite started-at="2023-09-21T09:34:31 IST" name="Suite" finished-at="2023-09-21T09:38:12 IST" duration-ms="221000">
    <groups>
    </groups>
    <test started-at="2023-09-21T09:34:31 IST" name="Test" finished-at="2023-09-21T09:38:12 IST" duration-ms="221000">
      <class name="com.redbus.traintest.TC_04">
        <test-method is-config="true" signature="launchBrowser()[pri:0, instance:com.redbus.traintest.TC_04@7b98f307]" started-at="2023-09-21T09:37:31 IST" name="launchBrowser" finished-at="2023-09-21T09:37:43 IST" duration-ms="11538" status="PASS">
          <reporter-output>
          </reporter-output>
        </test-method> <!-- launchBrowser -->
        <test-method signature="fetchingTheAvailableTrains()[pri:0, instance:com.redbus.traintest.TC_04@7b98f307]" started-at="2023-09-21T09:37:43 IST" name="fetchingTheAvailableTrains" finished-at="2023-09-21T09:38:10 IST" duration-ms="26966" status="PASS">
          <reporter-output>
          </reporter-output>
        </test-method> <!-- fetchingTheAvailableTrains -->
        <test-method is-config="true" signature="closeBrowser()[pri:0, instance:com.redbus.traintest.TC_04@7b98f307]" started-at="2023-09-21T09:38:10 IST" name="closeBrowser" finished-at="2023-09-21T09:38:12 IST" duration-ms="2748" status="PASS">
          <reporter-output>
          </reporter-output>
        </test-method> <!-- closeBrowser -->
      </class> <!-- com.redbus.traintest.TC_04 -->
      <class name="com.redbus.traintest.TC_3">
        <test-method is-config="true" signature="launchBrowser()[pri:0, instance:com.redbus.traintest.TC_3@71d44a3]" started-at="2023-09-21T09:37:02 IST" name="launchBrowser" finished-at="2023-09-21T09:37:14 IST" duration-ms="11913" status="PASS">
          <reporter-output>
          </reporter-output>
        </test-method> <!-- launchBrowser -->
        <test-method signature="bookTrainForSameStation()[pri:0, instance:com.redbus.traintest.TC_3@71d44a3]" started-at="2023-09-21T09:37:14 IST" name="bookTrainForSameStation" finished-at="2023-09-21T09:37:30 IST" duration-ms="16313" status="PASS">
          <reporter-output>
          </reporter-output>
        </test-method> <!-- bookTrainForSameStation -->
        <test-method is-config="true" signature="closeBrowser()[pri:0, instance:com.redbus.traintest.TC_3@71d44a3]" started-at="2023-09-21T09:37:30 IST" name="closeBrowser" finished-at="2023-09-21T09:37:31 IST" duration-ms="970" status="PASS">
          <reporter-output>
          </reporter-output>
        </test-method> <!-- closeBrowser -->
      </class> <!-- com.redbus.traintest.TC_3 -->
      <class name="com.redbus.traintest.TC_2">
        <test-method is-config="true" signature="launchBrowser()[pri:0, instance:com.redbus.traintest.TC_2@73a1e9a9]" started-at="2023-09-21T09:36:25 IST" name="launchBrowser" finished-at="2023-09-21T09:36:47 IST" duration-ms="22034" status="PASS">
          <reporter-output>
          </reporter-output>
        </test-method> <!-- launchBrowser -->
        <test-method signature="validateInvalidPnr()[pri:0, instance:com.redbus.traintest.TC_2@73a1e9a9]" started-at="2023-09-21T09:36:47 IST" name="validateInvalidPnr" finished-at="2023-09-21T09:37:01 IST" duration-ms="14043" status="PASS">
          <reporter-output>
          </reporter-output>
        </test-method> <!-- validateInvalidPnr -->
        <test-method is-config="true" signature="closeBrowser()[pri:0, instance:com.redbus.traintest.TC_2@73a1e9a9]" started-at="2023-09-21T09:37:01 IST" name="closeBrowser" finished-at="2023-09-21T09:37:02 IST" duration-ms="1191" status="PASS">
          <reporter-output>
          </reporter-output>
        </test-method> <!-- closeBrowser -->
      </class> <!-- com.redbus.traintest.TC_2 -->
      <class name="com.redbus.traintest.TC_1">
        <test-method is-config="true" signature="launchBrowser()[pri:0, instance:com.redbus.traintest.TC_1@55141def]" started-at="2023-09-21T09:34:31 IST" name="launchBrowser" finished-at="2023-09-21T09:35:22 IST" duration-ms="50615" status="PASS">
          <reporter-output>
          </reporter-output>
        </test-method> <!-- launchBrowser -->
        <test-method signature="searchTrain()[pri:0, instance:com.redbus.traintest.TC_1@55141def]" started-at="2023-09-21T09:35:22 IST" name="searchTrain" finished-at="2023-09-21T09:36:20 IST" duration-ms="57680" status="PASS">
          <reporter-output>
          </reporter-output>
        </test-method> <!-- searchTrain -->
        <test-method is-config="true" signature="closeBrowser()[pri:0, instance:com.redbus.traintest.TC_1@55141def]" started-at="2023-09-21T09:36:20 IST" name="closeBrowser" finished-at="2023-09-21T09:36:25 IST" duration-ms="4640" status="PASS">
          <reporter-output>
          </reporter-output>
        </test-method> <!-- closeBrowser -->
      </class> <!-- com.redbus.traintest.TC_1 -->
    </test> <!-- Test -->
  </suite> <!-- Suite -->
</testng-results>
