<?xml version="1.0" encoding="UTF-8"?>
<testng-results ignored="0" total="1" passed="1" failed="0" skipped="0">
  <reporter-output>
  </reporter-output>
  <suite started-at="2023-09-15T09:28:07 IST" name="Default suite" finished-at="2023-09-15T09:29:12 IST" duration-ms="64431">
    <groups>
    </groups>
    <test started-at="2023-09-15T09:28:07 IST" name="Default test" finished-at="2023-09-15T09:29:12 IST" duration-ms="64431">
      <class name="com.redbus.traintest.TC_2">
        <test-method is-config="true" signature="launchBrowser()[pri:0, instance:com.redbus.traintest.TC_2@7b2bbc3]" started-at="2023-09-15T09:28:07 IST" name="launchBrowser" finished-at="2023-09-15T09:28:54 IST" duration-ms="46650" status="PASS">
          <reporter-output>
          </reporter-output>
        </test-method> <!-- launchBrowser -->
        <test-method signature="validateInvalidPnr()[pri:0, instance:com.redbus.traintest.TC_2@7b2bbc3]" started-at="2023-09-15T09:28:54 IST" name="validateInvalidPnr" finished-at="2023-09-15T09:29:11 IST" duration-ms="16143" status="PASS">
          <reporter-output>
          </reporter-output>
        </test-method> <!-- validateInvalidPnr -->
        <test-method is-config="true" signature="closeBrowser()[pri:0, instance:com.redbus.traintest.TC_2@7b2bbc3]" started-at="2023-09-15T09:29:11 IST" name="closeBrowser" finished-at="2023-09-15T09:29:12 IST" duration-ms="1135" status="PASS">
          <reporter-output>
          </reporter-output>
        </test-method> <!-- closeBrowser -->
      </class> <!-- com.redbus.traintest.TC_2 -->
    </test> <!-- Default test -->
  </suite> <!-- Default suite -->
</testng-results>
