<?xml version="1.0" encoding="UTF-8"?>
<!-- Generated by org.testng.reporters.JUnitXMLReporter -->
<testsuite ignored="0" hostname="kaviyan" failures="0" tests="4" name="Test" time="221.0" errors="0" timestamp="2023-09-21T09:38:13 IST">
  <testcase classname="com.redbus.traintest.TC_1" name="searchTrain" time="57.68"/>
  <testcase classname="com.redbus.traintest.TC_2" name="validateInvalidPnr" time="14.043"/>
  <testcase classname="com.redbus.traintest.TC_3" name="bookTrainForSameStation" time="16.313"/>
  <testcase classname="com.redbus.traintest.TC_04" name="fetchingTheAvailableTrains" time="26.966"/>
</testsuite> <!-- Test -->
